<?xml version='1.0'?>
<ns2:test-suite xmlns:ns2='urn:model.allure.qatools.yandex.ru' start='1676934853120' stop='1676934857945'>
    <name>Landing Page</name>
    <title>Landing Page</title>
    <test-cases>
        <test-case start='1676934853121' status='passed' stop='1676934853124'>
            <name>should check the aura app lands on the landing page</name>
            <title>should check the aura app lands on the landing page</title>
            <labels>
                <label name='language' value='javascript'/>
                <label name='framework' value='wdio'/>
                <label name='thread' value='0-0'/>
            </labels>
            <parameters>
                <parameter kind='argument' name='device' value='emulator-5554 13-13'/>
            </parameters>
            <steps/>
            <attachments/>
        </test-case>
        <test-case start='1676934853130' status='broken' stop='1676934857944'>
            <name>should allow you to be able to get started</name>
            <title>should allow you to be able to get started</title>
            <labels>
                <label name='language' value='javascript'/>
                <label name='framework' value='wdio'/>
                <label name='thread' value='0-0'/>
            </labels>
            <parameters>
                <parameter kind='argument' name='device' value='emulator-5554 13-13'/>
            </parameters>
            <steps/>
            <attachments/>
            <failure>
                <message>No such context found.</message>
                <stack-trace>unknown error: No such context found.
                    at process.processTicksAndRejections (node:internal/process/task_queues:95:5)
                    at async Context.&lt;anonymous> (/Users/enabhandari/projects/webdriverio-mobile-tests/test/specs/LandingPage.js:32:9)</stack-trace>
            </failure>
        </test-case>
        <test-case start='1676934857945' status='pending' stop='1676934857945'>
            <name>should be able to login with google account</name>
            <title>should be able to login with google account</title>
            <labels/>
            <parameters/>
            <steps/>
            <attachments/>
            <failure>
                <message>Test ignored</message>
                <stack-trace>undefined</stack-trace>
            </failure>
        </test-case>
    </test-cases>
</ns2:test-suite>